In file included from [01m[K/rm_version/src/rm_tracker/src/tracker_node.cpp:1[m[K:
[01m[K/rm_version/src/rm_tracker/include/tracker_node.hpp:19:10:[m[K [01;31m[Kfatal error: [m[Krm_interfaces/msg/armors.hpp: No such file or directory
   19 | #include [01;31m[K<rm_interfaces/msg/armors.hpp>[m[K
      |          [01;31m[K^~~~~~~~~~~~~~~~~~~~~~~~~~~~~~[m[K
compilation terminated.
gmake[2]: *** [CMakeFiles/rm_tracker.dir/build.make:104: CMakeFiles/rm_tracker.dir/src/tracker_node.cpp.o] Error 1
gmake[1]: *** [CMakeFiles/Makefile2:139: CMakeFiles/rm_tracker.dir/all] Error 2
gmake: *** [Makefile:146: all] Error 2
