[0.019s] Invoking command in '/rm_version/build/rm_tracker': CMAKE_PREFIX_PATH=${CMAKE_PREFIX_PATH}:/opt/ros/humble /usr/bin/cmake --build /rm_version/build/rm_tracker -- -j20 -l20
[0.032s] -- Found ament_cmake_auto: 1.3.4 (/opt/ros/humble/share/ament_cmake_auto/cmake)
[0.195s] -- Found rosidl_generator_c: 3.1.4 (/opt/ros/humble/share/rosidl_generator_c/cmake)
[0.199s] -- Found rosidl_adapter: 3.1.4 (/opt/ros/humble/share/rosidl_adapter/cmake)
[0.208s] -- Found rosidl_generator_cpp: 3.1.4 (/opt/ros/humble/share/rosidl_generator_cpp/cmake)
[0.221s] -- Using all available rosidl_typesupport_c: rosidl_typesupport_fastrtps_c;rosidl_typesupport_introspection_c
[0.236s] -- Using all available rosidl_typesupport_cpp: rosidl_typesupport_fastrtps_cpp;rosidl_typesupport_introspection_cpp
[0.294s] -- Found rmw_implementation_cmake: 6.1.1 (/opt/ros/humble/share/rmw_implementation_cmake/cmake)
[0.294s] -- Found rmw_fastrtps_cpp: 6.2.2 (/opt/ros/humble/share/rmw_fastrtps_cpp/cmake)
[0.380s] -- Using RMW implementation 'rmw_fastrtps_cpp' as default
[0.717s] -- Found eigen3_cmake_module: 0.1.1 (/opt/ros/humble/share/eigen3_cmake_module/cmake)
[0.718s] -- Ensuring Eigen3 include directory is part of orocos-kdl CMake target
[0.931s] -- Found ament_lint_auto: 0.12.6 (/opt/ros/humble/share/ament_lint_auto/cmake)
[0.944s] -- Added test 'cppcheck' to perform static code analysis on C / C++ code
[0.944s] -- Configured cppcheck include dirs: /rm_version/src/rm_tracker/include
[0.944s] -- Configured cppcheck exclude dirs and/or files: 
[0.945s] -- Added test 'lint_cmake' to check CMake code style
[0.945s] -- Added test 'xmllint' to check XML markup files
[0.945s] -- Added test 'clang_format' to check C / C++ code style
[0.949s] -- Configuring done
[0.960s] -- Generating done
[0.961s] -- Build files have been written to: /rm_version/build/rm_tracker
[0.974s] [35m[1mConsolidate compiler generated dependencies of target rm_tracker_node[0m
[0.974s] [35m[1mConsolidate compiler generated dependencies of target rm_tracker[0m
[0.982s] [ 33%] Built target rm_tracker_node
[0.986s] [ 50%] [32mBuilding CXX object CMakeFiles/rm_tracker.dir/src/tracker_node.cpp.o[0m
[1.119s] In file included from [01m[K/rm_version/src/rm_tracker/src/tracker_node.cpp:1[m[K:
[1.119s] [01m[K/rm_version/src/rm_tracker/include/tracker_node.hpp:19:10:[m[K [01;31m[Kfatal error: [m[Krm_interfaces/msg/armors.hpp: No such file or directory
[1.119s]    19 | #include [01;31m[K<rm_interfaces/msg/armors.hpp>[m[K
[1.119s]       |          [01;31m[K^~~~~~~~~~~~~~~~~~~~~~~~~~~~~~[m[K
[1.119s] compilation terminated.
[1.120s] gmake[2]: *** [CMakeFiles/rm_tracker.dir/build.make:104: CMakeFiles/rm_tracker.dir/src/tracker_node.cpp.o] Error 1
[1.120s] gmake[1]: *** [CMakeFiles/Makefile2:139: CMakeFiles/rm_tracker.dir/all] Error 2
[1.120s] gmake: *** [Makefile:146: all] Error 2
[1.122s] Invoked command in '/rm_version/build/rm_tracker' returned '2': CMAKE_PREFIX_PATH=${CMAKE_PREFIX_PATH}:/opt/ros/humble /usr/bin/cmake --build /rm_version/build/rm_tracker -- -j20 -l20
