[0.009s] Invoking command in '/rm_version/build/rm_tracker': AMENT_PREFIX_PATH=/rm_version/install/rm_msg_interfaces:${AMENT_PREFIX_PATH} CMAKE_PREFIX_PATH=/rm_version/install/rm_msg_interfaces:/ros_ws/install/ros2_video:/ros_ws/install/rm_vision_bringup:/ros_ws/install/rm_serial_driver:/ros_ws/install/rm_gimbal_description:/ros_ws/install/rm_auto_aim:/ros_ws/install/mindvision_camera:/ros_ws/install/hik_camera:/ros_ws/install/armor_tracker:/ros_ws/install/armor_detector:/ros_ws/install/auto_aim_interfaces:/opt/ros/humble LD_LIBRARY_PATH=/rm_version/install/rm_msg_interfaces/lib:${LD_LIBRARY_PATH} PYTHONPATH=/rm_version/install/rm_msg_interfaces/local/lib/python3.10/dist-packages:${PYTHONPATH} /usr/bin/cmake --build /rm_version/build/rm_tracker -- -j20 -l20
[0.022s] -- Found rm_msg_interfaces: 0.0.0 (/rm_version/install/rm_msg_interfaces/share/rm_msg_interfaces/cmake)
[0.108s] -- Found rosidl_generator_c: 3.1.4 (/opt/ros/humble/share/rosidl_generator_c/cmake)
[0.109s] -- Found rosidl_adapter: 3.1.4 (/opt/ros/humble/share/rosidl_adapter/cmake)
[0.112s] -- Found rosidl_generator_cpp: 3.1.4 (/opt/ros/humble/share/rosidl_generator_cpp/cmake)
[0.119s] -- Using all available rosidl_typesupport_c: rosidl_typesupport_fastrtps_c;rosidl_typesupport_introspection_c
[0.128s] -- Using all available rosidl_typesupport_cpp: rosidl_typesupport_fastrtps_cpp;rosidl_typesupport_introspection_cpp
[0.220s] -- Found ament_cmake_auto: 1.3.4 (/opt/ros/humble/share/ament_cmake_auto/cmake)
[0.285s] -- Found rmw_implementation_cmake: 6.1.1 (/opt/ros/humble/share/rmw_implementation_cmake/cmake)
[0.286s] -- Found rmw_fastrtps_cpp: 6.2.2 (/opt/ros/humble/share/rmw_fastrtps_cpp/cmake)
[0.345s] -- Using RMW implementation 'rmw_fastrtps_cpp' as default
[0.589s] -- Found eigen3_cmake_module: 0.1.1 (/opt/ros/humble/share/eigen3_cmake_module/cmake)
[0.590s] -- Ensuring Eigen3 include directory is part of orocos-kdl CMake target
[0.747s] -- Found ament_lint_auto: 0.12.6 (/opt/ros/humble/share/ament_lint_auto/cmake)
[0.752s] -- Added test 'cppcheck' to perform static code analysis on C / C++ code
[0.752s] -- Configured cppcheck include dirs: /rm_version/src/rm_tracker/include
[0.752s] -- Configured cppcheck exclude dirs and/or files: 
[0.753s] -- Added test 'lint_cmake' to check CMake code style
[0.753s] -- Added test 'xmllint' to check XML markup files
[0.753s] -- Added test 'clang_format' to check C / C++ code style
[0.754s] -- Configuring done
[0.763s] -- Generating done
[0.764s] -- Build files have been written to: /rm_version/build/rm_tracker
[0.777s] [35m[1mConsolidate compiler generated dependencies of target rm_tracker_node[0m
[0.778s] [35m[1mConsolidate compiler generated dependencies of target rm_tracker[0m
[0.785s] [ 33%] Built target rm_tracker_node
[0.791s] [ 50%] [32mBuilding CXX object CMakeFiles/rm_tracker.dir/src/tracker.cpp.o[0m
[0.791s] [ 66%] [32mBuilding CXX object CMakeFiles/rm_tracker.dir/src/tracker_node.cpp.o[0m
[0.923s] In file included from [01m[K/rm_version/src/rm_tracker/src/tracker.cpp:1[m[K:
[0.923s] [01m[K/rm_version/src/rm_tracker/include/tracker.hpp:16:10:[m[K [01;31m[Kfatal error: [m[Kextended_kalman_filter.hpp: No such file or directory
[0.924s]    16 | #include [01;31m[K"extended_kalman_filter.hpp"[m[K
[0.924s]       |          [01;31m[K^~~~~~~~~~~~~~~~~~~~~~~~~~~~[m[K
[0.924s] compilation terminated.
[0.925s] gmake[2]: *** [CMakeFiles/rm_tracker.dir/build.make:90: CMakeFiles/rm_tracker.dir/src/tracker.cpp.o] Error 1
[0.925s] gmake[2]: *** Waiting for unfinished jobs....
[0.998s] In file included from [01m[K/rm_version/src/rm_tracker/include/tracker_node.hpp:22[m[K,
[0.998s]                  from [01m[K/rm_version/src/rm_tracker/src/tracker_node.cpp:1[m[K:
[0.998s] [01m[K/rm_version/src/rm_tracker/include/tracker.hpp:16:10:[m[K [01;31m[Kfatal error: [m[Kextended_kalman_filter.hpp: No such file or directory
[0.998s]    16 | #include [01;31m[K"extended_kalman_filter.hpp"[m[K
[0.998s]       |          [01;31m[K^~~~~~~~~~~~~~~~~~~~~~~~~~~~[m[K
[0.998s] compilation terminated.
[1.000s] gmake[2]: *** [CMakeFiles/rm_tracker.dir/build.make:104: CMakeFiles/rm_tracker.dir/src/tracker_node.cpp.o] Error 1
[1.000s] gmake[1]: *** [CMakeFiles/Makefile2:139: CMakeFiles/rm_tracker.dir/all] Error 2
[1.000s] gmake: *** [Makefile:146: all] Error 2
[1.002s] Invoked command in '/rm_version/build/rm_tracker' returned '2': AMENT_PREFIX_PATH=/rm_version/install/rm_msg_interfaces:${AMENT_PREFIX_PATH} CMAKE_PREFIX_PATH=/rm_version/install/rm_msg_interfaces:/ros_ws/install/ros2_video:/ros_ws/install/rm_vision_bringup:/ros_ws/install/rm_serial_driver:/ros_ws/install/rm_gimbal_description:/ros_ws/install/rm_auto_aim:/ros_ws/install/mindvision_camera:/ros_ws/install/hik_camera:/ros_ws/install/armor_tracker:/ros_ws/install/armor_detector:/ros_ws/install/auto_aim_interfaces:/opt/ros/humble LD_LIBRARY_PATH=/rm_version/install/rm_msg_interfaces/lib:${LD_LIBRARY_PATH} PYTHONPATH=/rm_version/install/rm_msg_interfaces/local/lib/python3.10/dist-packages:${PYTHONPATH} /usr/bin/cmake --build /rm_version/build/rm_tracker -- -j20 -l20
