[0.014s] Invoking command in '/rm_version/build/rm_tracker': CMAKE_PREFIX_PATH=${CMAKE_PREFIX_PATH}:/opt/ros/humble /usr/bin/cmake --build /rm_version/build/rm_tracker -- -j20 -l20
[0.051s] [ 33%] Built target rm_tracker_node
[0.052s] [ 50%] [32mBuilding CXX object CMakeFiles/rm_tracker.dir/src/tracker_node.cpp.o[0m
[0.193s] In file included from [01m[K/rm_version/src/rm_tracker/src/tracker_node.cpp:1[m[K:
[0.193s] [01m[K/rm_version/src/rm_tracker/include/tracker_node.hpp:19:9:[m[K [01;31m[Kfatal error: [m[Krm_msg_interfaces/msg/armor.hpp: No such file or directory
[0.193s]    19 | #include[01;31m[K"rm_msg_interfaces/msg/armor.hpp"[m[K
[0.193s]       |         [01;31m[K^~~~~~~~~~~~~~~~~~~~~~~~~~~~~~~~~[m[K
[0.193s] compilation terminated.
[0.193s] gmake[2]: *** [CMakeFiles/rm_tracker.dir/build.make:104: CMakeFiles/rm_tracker.dir/src/tracker_node.cpp.o] Error 1
[0.194s] gmake[1]: *** [CMakeFiles/Makefile2:139: CMakeFiles/rm_tracker.dir/all] Error 2
[0.194s] gmake: *** [Makefile:146: all] Error 2
[0.195s] Invoked command in '/rm_version/build/rm_tracker' returned '2': CMAKE_PREFIX_PATH=${CMAKE_PREFIX_PATH}:/opt/ros/humble /usr/bin/cmake --build /rm_version/build/rm_tracker -- -j20 -l20
