[0.011s] Invoking command in '/rm_version/build/rm_tracker': CMAKE_PREFIX_PATH=/rm_version/install/rm_msg_interfaces:/rm_version/install/ros2_video:/rm_version/install/rm_tracker:/rm_version/install/rm_detector:/ros_ws/install/ros2_video:/ros_ws/install/rm_vision_bringup:/ros_ws/install/rm_serial_driver:/ros_ws/install/rm_gimbal_description:/ros_ws/install/rm_auto_aim:/ros_ws/install/mindvision_camera:/ros_ws/install/hik_camera:/ros_ws/install/armor_tracker:/ros_ws/install/armor_detector:/ros_ws/install/auto_aim_interfaces:/opt/ros/humble LD_LIBRARY_PATH=/rm_version/install/rm_msg_interfaces/lib:/rm_version/install/ros2_video/lib:/rm_version/install/rm_tracker/lib:/rm_version/install/rm_detector/lib:/ros_ws/install/ros2_video/lib:/ros_ws/install/rm_serial_driver/lib:/ros_ws/install/mindvision_camera/lib:/ros_ws/install/hik_camera/lib:/ros_ws/install/armor_tracker/lib:/ros_ws/install/armor_detector/lib:/ros_ws/install/auto_aim_interfaces/lib:/opt/ros/humble/lib/x86_64-linux-gnu:/opt/ros/humble/lib /usr/bin/cmake --build /rm_version/build/rm_tracker -- -j20 -l20
[0.036s] [35m[1mConsolidate compiler generated dependencies of target rm_tracker[0m
[0.043s] [ 33%] Built target rm_tracker_node
[0.051s] [ 50%] [32mBuilding CXX object CMakeFiles/rm_tracker.dir/src/tracker_node.cpp.o[0m
[1.886s] [01m[K/rm_version/src/rm_tracker/src/tracker_node.cpp:[m[K In member function â€˜[01m[Kstd::shared_ptr<rm_auto_aim::Tracker> rm_auto_aim::ArmorTrackerNode::initTracker()[m[Kâ€™:
[1.886s] [01m[K/rm_version/src/rm_tracker/src/tracker_node.cpp:91:13:[m[K [01;31m[Kerror: [m[Kâ€˜[01m[Ktracker[m[Kâ€™ was not declared in this scope; did you mean â€˜[01m[KTracker[m[Kâ€™?
[1.886s]    91 |             [01;31m[Ktracker[m[K = std::make_unique<Tracker>();
[1.886s]       |             [01;31m[K^~~~~~~[m[K
[1.886s]       |             [32m[KTracker[m[K
[1.894s] [01m[K/rm_version/src/rm_tracker/src/tracker_node.cpp:97:9:[m[K [01;31m[Kerror: [m[Kâ€˜[01m[Ktracker[m[Kâ€™ was not declared in this scope; did you mean â€˜[01m[KTracker[m[Kâ€™?
[1.894s]    97 |         [01;31m[Ktracker[m[K->max_match_distance = this->declare_parameter("max_match_distance", 100.0);
[1.894s]       |         [01;31m[K^~~~~~~[m[K
[1.894s]       |         [32m[KTracker[m[K
[1.921s] In file included from [01m[K/opt/ros/humble/include/class_loader/class_loader/class_loader.hpp:56[m[K,
[1.921s]                  from [01m[K/opt/ros/humble/include/rclcpp_components/rclcpp_components/register_node_macro.hpp:18[m[K,
[1.921s]                  from [01m[K/rm_version/src/rm_tracker/src/tracker_node.cpp:194[m[K:
[1.921s] [01m[K/rm_version/src/rm_tracker/src/tracker_node.cpp:[m[K At global scope:
[1.921s] [01m[K/rm_version/src/rm_tracker/src/tracker_node.cpp:195:1:[m[K [01;31m[Kerror: [m[Kexpected â€˜[01m[K}[m[Kâ€™ at end of input
[1.921s]   195 | [01;31m[KRCLCPP_COMPONENTS_REGISTER_NODE[m[K(rm_auto_aim::ArmorTrackerNode)
[1.921s]       | [01;31m[K^~~~~~~~~~~~~~~~~~~~~~~~~~~~~~~[m[K
[1.921s] [01m[K/rm_version/src/rm_tracker/src/tracker_node.cpp:8:1:[m[K [01;36m[Knote: [m[Kto match this â€˜[01m[K{[m[Kâ€™
[1.921s]     8 | [01;36m[K{[m[K
[1.921s]       | [01;36m[K^[m[K
[3.541s] gmake[2]: *** [CMakeFiles/rm_tracker.dir/build.make:104: CMakeFiles/rm_tracker.dir/src/tracker_node.cpp.o] Error 1
[3.542s] gmake[1]: *** [CMakeFiles/Makefile2:139: CMakeFiles/rm_tracker.dir/all] Error 2
[3.542s] gmake: *** [Makefile:146: all] Error 2
[3.543s] Invoked command in '/rm_version/build/rm_tracker' returned '2': CMAKE_PREFIX_PATH=/rm_version/install/rm_msg_interfaces:/rm_version/install/ros2_video:/rm_version/install/rm_tracker:/rm_version/install/rm_detector:/ros_ws/install/ros2_video:/ros_ws/install/rm_vision_bringup:/ros_ws/install/rm_serial_driver:/ros_ws/install/rm_gimbal_description:/ros_ws/install/rm_auto_aim:/ros_ws/install/mindvision_camera:/ros_ws/install/hik_camera:/ros_ws/install/armor_tracker:/ros_ws/install/armor_detector:/ros_ws/install/auto_aim_interfaces:/opt/ros/humble LD_LIBRARY_PATH=/rm_version/install/rm_msg_interfaces/lib:/rm_version/install/ros2_video/lib:/rm_version/install/rm_tracker/lib:/rm_version/install/rm_detector/lib:/ros_ws/install/ros2_video/lib:/ros_ws/install/rm_serial_driver/lib:/ros_ws/install/mindvision_camera/lib:/ros_ws/install/hik_camera/lib:/ros_ws/install/armor_tracker/lib:/ros_ws/install/armor_detector/lib:/ros_ws/install/auto_aim_interfaces/lib:/opt/ros/humble/lib/x86_64-linux-gnu:/opt/ros/humble/lib /usr/bin/cmake --build /rm_version/build/rm_tracker -- -j20 -l20
