[0.007s] Invoking command in '/rm_version/build/rm_detector': CMAKE_PREFIX_PATH=/rm_version/install/rm_msg_interfaces:/rm_version/install/ros2_video:/rm_version/install/rm_detector:/ros_ws/install/ros2_video:/ros_ws/install/rm_vision_bringup:/ros_ws/install/rm_serial_driver:/ros_ws/install/rm_gimbal_description:/ros_ws/install/rm_auto_aim:/ros_ws/install/mindvision_camera:/ros_ws/install/hik_camera:/ros_ws/install/armor_tracker:/ros_ws/install/armor_detector:/ros_ws/install/auto_aim_interfaces:/opt/ros/humble LD_LIBRARY_PATH=/rm_version/install/rm_msg_interfaces/lib:/rm_version/install/ros2_video/lib:/rm_version/install/rm_detector/lib:/ros_ws/install/ros2_video/lib:/ros_ws/install/rm_serial_driver/lib:/ros_ws/install/mindvision_camera/lib:/ros_ws/install/hik_camera/lib:/ros_ws/install/armor_tracker/lib:/ros_ws/install/armor_detector/lib:/ros_ws/install/auto_aim_interfaces/lib:/opt/ros/humble/lib/x86_64-linux-gnu:/opt/ros/humble/lib /usr/bin/cmake --build /rm_version/build/rm_detector -- -j20 -l20
[0.034s] [35m[1mConsolidate compiler generated dependencies of target rm_detector[0m
[0.039s] [ 25%] Built target rm_detector_node
[0.050s] [ 37%] [32mBuilding CXX object CMakeFiles/rm_detector.dir/src/detector_node.cpp.o[0m
[2.271s] [01m[K/rm_version/src/rm_detector/src/detector_node.cpp:[m[K In member function â€˜[01m[Kstd::unique_ptr<rm_auto_aim::NumberClassifier> rm_auto_aim::ArmorDetectorNode::initNumberClassifier()[m[Kâ€™:
[2.271s] [01m[K/rm_version/src/rm_detector/src/detector_node.cpp:169:3:[m[K [01;31m[Kerror: [m[Kno return statement in function returning non-void [[01;31m[K]8;;https://gcc.gnu.org/onlinedocs/gcc/Warning-Options.html#index-Wreturn-type-Werror=return-type]8;;[m[K]
[2.272s]   169 |   [01;31m[K}[m[K
[2.272s]       |   [01;31m[K^[m[K
[2.272s] [01m[K/rm_version/src/rm_detector/src/detector_node.cpp:[m[K At global scope:
[2.272s] [01m[K/rm_version/src/rm_detector/src/detector_node.cpp:170:7:[m[K [01;31m[Kerror: [m[Kexpected unqualified-id before â€˜[01m[Kreturn[m[Kâ€™
[2.272s]   170 |       [01;31m[Kreturn[m[K number_classifier;
[2.272s]       |       [01;31m[K^~~~~~[m[K
[2.272s] [01m[K/rm_version/src/rm_detector/src/detector_node.cpp:173:20:[m[K [01;31m[Kerror: [m[Kâ€˜[01m[KPnpSolver[m[Kâ€™ was not declared in this scope; did you mean â€˜[01m[Krm_auto_aim::PnpSolver[m[Kâ€™?
[2.272s]   173 |    std::unique_ptr<[01;31m[KPnpSolver[m[K> ArmorDetectorNode::initPnpSolver()
[2.272s]       |                    [01;31m[K^~~~~~~~~[m[K
[2.272s]       |                    [32m[Krm_auto_aim::PnpSolver[m[K
[2.272s] In file included from [01m[K/rm_version/src/rm_detector/include/detector_node.hpp:24[m[K,
[2.272s]                  from [01m[K/rm_version/src/rm_detector/src/detector_node.cpp:14[m[K:
[2.273s] [01m[K/rm_version/src/rm_detector/include/pnp_solver.hpp:15:11:[m[K [01;36m[Knote: [m[Kâ€˜[01m[Krm_auto_aim::PnpSolver[m[Kâ€™ declared here
[2.273s]    15 |     class [01;36m[KPnpSolver[m[K
[2.273s]       |           [01;36m[K^~~~~~~~~[m[K
[2.273s] [01m[K/rm_version/src/rm_detector/src/detector_node.cpp:173:29:[m[K [01;31m[Kerror: [m[Ktemplate argument 1 is invalid
[2.273s]   173 |    std::unique_ptr<PnpSolver[01;31m[K>[m[K ArmorDetectorNode::initPnpSolver()
[2.273s]       |                             [01;31m[K^[m[K
[2.273s] [01m[K/rm_version/src/rm_detector/src/detector_node.cpp:173:29:[m[K [01;31m[Kerror: [m[Ktemplate argument 2 is invalid
[2.273s] [01m[K/rm_version/src/rm_detector/src/detector_node.cpp:173:31:[m[K [01;31m[Kerror: [m[Kâ€˜[01m[KArmorDetectorNode[m[Kâ€™ has not been declared
[2.273s]   173 |    std::unique_ptr<PnpSolver> [01;31m[KArmorDetectorNode[m[K::initPnpSolver()
[2.273s]       |                               [01;31m[K^~~~~~~~~~~~~~~~~[m[K
[2.273s] [01m[K/rm_version/src/rm_detector/src/detector_node.cpp:[m[K In function â€˜[01m[Kint initPnpSolver()[m[Kâ€™:
[2.273s] [01m[K/rm_version/src/rm_detector/src/detector_node.cpp:175:23:[m[K [01;31m[Kerror: [m[Kâ€˜[01m[KPnpSolver[m[Kâ€™ was not declared in this scope; did you mean â€˜[01m[Krm_auto_aim::PnpSolver[m[Kâ€™?
[2.273s]   175 |       std::unique_ptr<[01;31m[KPnpSolver[m[K> pnp_solver = std::make_unique<PnpSolver>();
[2.273s]       |                       [01;31m[K^~~~~~~~~[m[K
[2.273s]       |                       [32m[Krm_auto_aim::PnpSolver[m[K
[2.273s] In file included from [01m[K/rm_version/src/rm_detector/include/detector_node.hpp:24[m[K,
[2.273s]                  from [01m[K/rm_version/src/rm_detector/src/detector_node.cpp:14[m[K:
[2.274s] [01m[K/rm_version/src/rm_detector/include/pnp_solver.hpp:15:11:[m[K [01;36m[Knote: [m[Kâ€˜[01m[Krm_auto_aim::PnpSolver[m[Kâ€™ declared here
[2.274s]    15 |     class [01;36m[KPnpSolver[m[K
[2.274s]       |           [01;36m[K^~~~~~~~~[m[K
[2.274s] [01m[K/rm_version/src/rm_detector/src/detector_node.cpp:175:32:[m[K [01;31m[Kerror: [m[Ktemplate argument 1 is invalid
[2.274s]   175 |       std::unique_ptr<PnpSolver[01;31m[K>[m[K pnp_solver = std::make_unique<PnpSolver>();
[2.274s]       |                                [01;31m[K^[m[K
[2.274s] [01m[K/rm_version/src/rm_detector/src/detector_node.cpp:175:32:[m[K [01;31m[Kerror: [m[Ktemplate argument 2 is invalid
[2.274s] [01m[K/rm_version/src/rm_detector/src/detector_node.cpp:175:74:[m[K [01;31m[Kerror: [m[Kno matching function for call to â€˜[01m[Kmake_unique<PnpSolver>()[m[Kâ€™
[2.274s]   175 |       std::unique_ptr<PnpSolver> pnp_solver = [01;31m[Kstd::make_unique<PnpSolver>()[m[K;
[2.274s]       |                                               [01;31m[K~~~~~~~~~~~~~~~~~~~~~~~~~~~^~[m[K
[2.275s] In file included from [01m[K/usr/include/c++/11/memory:76[m[K,
[2.275s]                  from [01m[K/opt/ros/humble/include/sensor_msgs/sensor_msgs/msg/detail/image__struct.hpp:10[m[K,
[2.275s]                  from [01m[K/opt/ros/humble/include/sensor_msgs/sensor_msgs/msg/image.hpp:7[m[K,
[2.275s]                  from [01m[K/opt/ros/humble/include/cv_bridge/cv_bridge/cv_bridge.h:40[m[K,
[2.275s]                  from [01m[K/rm_version/src/rm_detector/src/detector_node.cpp:1[m[K:
[2.275s] [01m[K/usr/include/c++/11/bits/unique_ptr.h:961:5:[m[K [01;36m[Knote: [m[Kcandidate: â€˜[01m[Ktemplate<class _Tp, class ... _Args> typename std::_MakeUniq<_Tp>::__single_object std::make_unique(_Args&& ...)[m[Kâ€™
[2.276s]   961 |     [01;36m[Kmake_unique[m[K(_Args&&... __args)
[2.276s]       |     [01;36m[K^~~~~~~~~~~[m[K
[2.276s] [01m[K/usr/include/c++/11/bits/unique_ptr.h:961:5:[m[K [01;36m[Knote: [m[K  template argument deduction/substitution failed:
[2.276s] [01m[K/usr/include/c++/11/bits/unique_ptr.h:967:5:[m[K [01;36m[Knote: [m[Kcandidate: â€˜[01m[Ktemplate<class _Tp> typename std::_MakeUniq<_Tp>::__array std::make_unique(std::size_t)[m[Kâ€™
[2.276s]   967 |     [01;36m[Kmake_unique[m[K(size_t __num)
[2.276s]       |     [01;36m[K^~~~~~~~~~~[m[K
[2.276s] [01m[K/usr/include/c++/11/bits/unique_ptr.h:967:5:[m[K [01;36m[Knote: [m[K  template argument deduction/substitution failed:
[2.276s] [01m[K/usr/include/c++/11/bits/unique_ptr.h:973:5:[m[K [01;36m[Knote: [m[Kcandidate: â€˜[01m[Ktemplate<class _Tp, class ... _Args> typename std::_MakeUniq<_Tp>::__invalid_type std::make_unique(_Args&& ...)[m[Kâ€™ (deleted)
[2.276s]   973 |     [01;36m[Kmake_unique[m[K(_Args&&...) = delete;
[2.276s]       |     [01;36m[K^~~~~~~~~~~[m[K
[2.276s] [01m[K/usr/include/c++/11/bits/unique_ptr.h:973:5:[m[K [01;36m[Knote: [m[K  template argument deduction/substitution failed:
[2.276s] [01m[K/rm_version/src/rm_detector/src/detector_node.cpp:176:17:[m[K [01;31m[Kerror: [m[Kbase operand of â€˜[01m[K->[m[Kâ€™ is not a pointer
[2.276s]   176 |       pnp_solver[01;31m[K->[m[Kcamera_matrix_ = (cv::Mat_<double>(3, 3) << 1807.12121, 0., 711.11997, 0.,
[2.276s]       |                 [01;31m[K^~[m[K
[2.276s] [01m[K/rm_version/src/rm_detector/src/detector_node.cpp:178:17:[m[K [01;31m[Kerror: [m[Kbase operand of â€˜[01m[K->[m[Kâ€™ is not a pointer
[2.276s]   178 |       pnp_solver[01;31m[K->[m[Kdist_coeffs_ = (cv::Mat_<double>(5, 1) << -0.078049, 0.158627, 0.000304, -0.000566, 0.000000);
[2.276s]       |                 [01;31m[K^~[m[K
[2.276s] [01m[K/rm_version/src/rm_detector/src/detector_node.cpp:181:17:[m[K [01;31m[Kerror: [m[Kbase operand of â€˜[01m[K->[m[Kâ€™ is not a pointer
[2.276s]   181 |       pnp_solver[01;31m[K->[m[KLARGE_ARMOR_HEIGHT = this->declare_parameter("LARGE_ARMOR_HEIGHT", 55);
[2.276s]       |                 [01;31m[K^~[m[K
[2.276s] [01m[K/rm_version/src/rm_detector/src/detector_node.cpp:181:40:[m[K [01;31m[Kerror: [m[Kinvalid use of â€˜[01m[Kthis[m[Kâ€™ in non-member function
[2.276s]   181 |       pnp_solver->LARGE_ARMOR_HEIGHT = [01;31m[Kthis[m[K->declare_parameter("LARGE_ARMOR_HEIGHT", 55);
[2.276s]       |                                        [01;31m[K^~~~[m[K
[2.276s] [01m[K/rm_version/src/rm_detector/src/detector_node.cpp:182:17:[m[K [01;31m[Kerror: [m[Kbase operand of â€˜[01m[K->[m[Kâ€™ is not a pointer
[2.276s]   182 |       pnp_solver[01;31m[K->[m[KLARGE_ARMOR_WIDTH = this->declare_parameter("LARGE_ARMOR_WIDTH", 225);
[2.276s]       |                 [01;31m[K^~[m[K
[2.276s] [01m[K/rm_version/src/rm_detector/src/detector_node.cpp:182:39:[m[K [01;31m[Kerror: [m[Kinvalid use of â€˜[01m[Kthis[m[Kâ€™ in non-member function
[2.277s]   182 |       pnp_solver->LARGE_ARMOR_WIDTH = [01;31m[Kthis[m[K->declare_parameter("LARGE_ARMOR_WIDTH", 225);
[2.277s]       |                                       [01;31m[K^~~~[m[K
[2.277s] [01m[K/rm_version/src/rm_detector/src/detector_node.cpp:183:17:[m[K [01;31m[Kerror: [m[Kbase operand of â€˜[01m[K->[m[Kâ€™ is not a pointer
[2.277s]   183 |       pnp_solver[01;31m[K->[m[KSMALL_ARMOR_HEIGHT = this->declare_parameter("SMALL_ARMOR_HEIGHT", 55);
[2.277s]       |                 [01;31m[K^~[m[K
[2.277s] [01m[K/rm_version/src/rm_detector/src/detector_node.cpp:183:40:[m[K [01;31m[Kerror: [m[Kinvalid use of â€˜[01m[Kthis[m[Kâ€™ in non-member function
[2.277s]   183 |       pnp_solver->SMALL_ARMOR_HEIGHT = [01;31m[Kthis[m[K->declare_parameter("SMALL_ARMOR_HEIGHT", 55);
[2.277s]       |                                        [01;31m[K^~~~[m[K
[2.277s] [01m[K/rm_version/src/rm_detector/src/detector_node.cpp:184:17:[m[K [01;31m[Kerror: [m[Kbase operand of â€˜[01m[K->[m[Kâ€™ is not a pointer
[2.277s]   184 |       pnp_solver[01;31m[K->[m[KSMALL_ARMOR_WIDTH = this->declare_parameter("SMALL_ARMOR_WIDTH", 135);
[2.277s]       |                 [01;31m[K^~[m[K
[2.277s] [01m[K/rm_version/src/rm_detector/src/detector_node.cpp:184:39:[m[K [01;31m[Kerror: [m[Kinvalid use of â€˜[01m[Kthis[m[Kâ€™ in non-member function
[2.277s]   184 |       pnp_solver->SMALL_ARMOR_WIDTH = [01;31m[Kthis[m[K->declare_parameter("SMALL_ARMOR_WIDTH", 135);
[2.277s]       |                                       [01;31m[K^~~~[m[K
[2.277s] [01m[K/rm_version/src/rm_detector/src/detector_node.cpp:187:39:[m[K [01;31m[Kerror: [m[Kbase operand of â€˜[01m[K->[m[Kâ€™ is not a pointer
[2.277s]   187 |       double small_half_y = pnp_solver[01;31m[K->[m[KLARGE_ARMOR_HEIGHT / 2.0 / 1000.0;
[2.277s]       |                                       [01;31m[K^~[m[K
[2.277s] [01m[K/rm_version/src/rm_detector/src/detector_node.cpp:188:39:[m[K [01;31m[Kerror: [m[Kbase operand of â€˜[01m[K->[m[Kâ€™ is not a pointer
[2.277s]   188 |       double small_half_z = pnp_solver[01;31m[K->[m[KSMALL_ARMOR_HEIGHT / 2.0 / 1000.0;
[2.277s]       |                                       [01;31m[K^~[m[K
[2.277s] [01m[K/rm_version/src/rm_detector/src/detector_node.cpp:189:39:[m[K [01;31m[Kerror: [m[Kbase operand of â€˜[01m[K->[m[Kâ€™ is not a pointer
[2.277s]   189 |       double large_half_y = pnp_solver[01;31m[K->[m[KLARGE_ARMOR_WIDTH / 2.0 / 1000.0;
[2.277s]       |                                       [01;31m[K^~[m[K
[2.277s] [01m[K/rm_version/src/rm_detector/src/detector_node.cpp:190:39:[m[K [01;31m[Kerror: [m[Kbase operand of â€˜[01m[K->[m[Kâ€™ is not a pointer
[2.277s]   190 |       double large_half_z = pnp_solver[01;31m[K->[m[KLARGE_ARMOR_HEIGHT / 2.0 / 1000.0;
[2.277s]       |                                       [01;31m[K^~[m[K
[2.277s] [01m[K/rm_version/src/rm_detector/src/detector_node.cpp:194:17:[m[K [01;31m[Kerror: [m[Kbase operand of â€˜[01m[K->[m[Kâ€™ is not a pointer
[2.277s]   194 |       pnp_solver[01;31m[K->[m[Ksmall_armor_points_.emplace_back(cv::Point3f(0, small_half_y, -small_half_z));
[2.277s]       |                 [01;31m[K^~[m[K
[2.277s] [01m[K/rm_version/src/rm_detector/src/detector_node.cpp:195:17:[m[K [01;31m[Kerror: [m[Kbase operand of â€˜[01m[K->[m[Kâ€™ is not a pointer
[2.277s]   195 |       pnp_solver[01;31m[K->[m[Ksmall_armor_points_.emplace_back(cv::Point3f(0, small_half_y, small_half_z));
[2.277s]       |                 [01;31m[K^~[m[K
[2.277s] [01m[K/rm_version/src/rm_detector/src/detector_node.cpp:196:17:[m[K [01;31m[Kerror: [m[Kbase operand of â€˜[01m[K->[m[Kâ€™ is not a pointer
[2.278s]   196 |       pnp_solver[01;31m[K->[m[Ksmall_armor_points_.emplace_back(cv::Point3f(0, -small_half_y, small_half_z));
[2.278s]       |                 [01;31m[K^~[m[K
[2.278s] [01m[K/rm_version/src/rm_detector/src/detector_node.cpp:197:17:[m[K [01;31m[Kerror: [m[Kbase operand of â€˜[01m[K->[m[Kâ€™ is not a pointer
[2.278s]   197 |       pnp_solver[01;31m[K->[m[Ksmall_armor_points_.emplace_back(cv::Point3f(0, -small_half_y, -small_half_z));
[2.278s]       |                 [01;31m[K^~[m[K
[2.278s] [01m[K/rm_version/src/rm_detector/src/detector_node.cpp:199:17:[m[K [01;31m[Kerror: [m[Kbase operand of â€˜[01m[K->[m[Kâ€™ is not a pointer
[2.278s]   199 |       pnp_solver[01;31m[K->[m[Klarge_armor_points_.emplace_back(cv::Point3f(0, large_half_y, -large_half_z));
[2.278s]       |                 [01;31m[K^~[m[K
[2.278s] [01m[K/rm_version/src/rm_detector/src/detector_node.cpp:200:17:[m[K [01;31m[Kerror: [m[Kbase operand of â€˜[01m[K->[m[Kâ€™ is not a pointer
[2.278s]   200 |       pnp_solver[01;31m[K->[m[Klarge_armor_points_.emplace_back(cv::Point3f(0, large_half_y, large_half_z));
[2.278s]       |                 [01;31m[K^~[m[K
[2.278s] [01m[K/rm_version/src/rm_detector/src/detector_node.cpp:201:17:[m[K [01;31m[Kerror: [m[Kbase operand of â€˜[01m[K->[m[Kâ€™ is not a pointer
[2.278s]   201 |       pnp_solver[01;31m[K->[m[Klarge_armor_points_.emplace_back(cv::Point3f(0, -large_half_y, large_half_z));
[2.278s]       |                 [01;31m[K^~[m[K
[2.278s] [01m[K/rm_version/src/rm_detector/src/detector_node.cpp:202:17:[m[K [01;31m[Kerror: [m[Kbase operand of â€˜[01m[K->[m[Kâ€™ is not a pointer
[2.278s]   202 |       pnp_solver[01;31m[K->[m[Klarge_armor_points_.emplace_back(cv::Point3f(0, -large_half_y, -large_half_z));
[2.278s]       |                 [01;31m[K^~[m[K
[2.278s] In file included from [01m[K/opt/ros/humble/include/rclcpp/rclcpp/client.hpp:40[m[K,
[2.278s]                  from [01m[K/opt/ros/humble/include/rclcpp/rclcpp/callback_group.hpp:24[m[K,
[2.278s]                  from [01m[K/opt/ros/humble/include/rclcpp/rclcpp/node.hpp:40[m[K,
[2.278s]                  from [01m[K/opt/ros/humble/include/image_transport/image_transport/image_transport.hpp:37[m[K,
[2.278s]                  from [01m[K/rm_version/src/rm_detector/src/detector_node.cpp:7[m[K:
[2.278s] [01m[K/rm_version/src/rm_detector/src/detector_node.cpp:203:19:[m[K [01;31m[Kerror: [m[Kinvalid use of â€˜[01m[Kthis[m[Kâ€™ in non-member function
[2.278s]   203 |       RCLCPP_INFO([01;31m[Kthis[m[K->get_logger(), "PnpSolver init");
[2.278s]       |                   [01;31m[K^~~~[m[K
[2.278s] [01m[K/rm_version/src/rm_detector/src/detector_node.cpp:203:19:[m[K [01;31m[Kerror: [m[Kinvalid use of â€˜[01m[Kthis[m[Kâ€™ in non-member function
[2.278s] [01m[K/rm_version/src/rm_detector/src/detector_node.cpp:203:7:[m[K [01;31m[Kerror: [m[Ktemplate argument 1 is invalid
[2.278s]   203 |       [01;31m[KRCLCPP_INFO[m[K(this->get_logger(), "PnpSolver init");
[2.278s]       |       [01;31m[K^~~~~~~~~~~[m[K
[2.279s] [01m[K/rm_version/src/rm_detector/src/detector_node.cpp:203:7:[m[K [01;31m[Kerror: [m[Kâ€˜[01m[K<declaration error>[m[Kâ€™ is not a template [[01;31m[K]8;;https://gcc.gnu.org/onlinedocs/gcc/Warning-Options.html#index-fpermissive-fpermissive]8;;[m[K]
[2.279s]   203 |       [01;31m[KRCLCPP_INFO[m[K(this->get_logger(), "PnpSolver init");
[2.279s]       |       [01;31m[K^~~~~~~~~~~[m[K
[2.279s] [01m[K/rm_version/src/rm_detector/src/detector_node.cpp:203:7:[m[K [01;31m[Kerror: [m[Ktemplate argument 1 is invalid
[2.279s]   203 |       [01;31m[KRCLCPP_INFO[m[K(this->get_logger(), "PnpSolver init");
[2.279s]       |       [01;31m[K^~~~~~~~~~~[m[K
[2.279s] [01m[K/rm_version/src/rm_detector/src/detector_node.cpp:203:7:[m[K [01;31m[Kerror: [m[Kâ€˜[01m[K<declaration error>[m[Kâ€™ is not a template [[01;31m[K]8;;https://gcc.gnu.org/onlinedocs/gcc/Warning-Options.html#index-fpermissive-fpermissive]8;;[m[K]
[2.279s]   203 |       [01;31m[KRCLCPP_INFO[m[K(this->get_logger(), "PnpSolver init");
[2.279s]       |       [01;31m[K^~~~~~~~~~~[m[K
[2.279s] [01m[K/rm_version/src/rm_detector/src/detector_node.cpp:203:7:[m[K [01;31m[Kerror: [m[Ktemplate argument 1 is invalid
[2.279s]   203 |       [01;31m[KRCLCPP_INFO[m[K(this->get_logger(), "PnpSolver init");
[2.279s]       |       [01;31m[K^~~~~~~~~~~[m[K
[2.279s] In file included from [01m[K/opt/ros/humble/include/rclcpp/rclcpp/logging.hpp:24[m[K,
[2.279s]                  from [01m[K/opt/ros/humble/include/rclcpp/rclcpp/client.hpp:40[m[K,
[2.279s]                  from [01m[K/opt/ros/humble/include/rclcpp/rclcpp/callback_group.hpp:24[m[K,
[2.279s]                  from [01m[K/opt/ros/humble/include/rclcpp/rclcpp/node.hpp:40[m[K,
[2.279s]                  from [01m[K/opt/ros/humble/include/image_transport/image_transport/image_transport.hpp:37[m[K,
[2.279s]                  from [01m[K/rm_version/src/rm_detector/src/detector_node.cpp:7[m[K:
[2.279s] [01m[K/rm_version/src/rm_detector/src/detector_node.cpp:203:19:[m[K [01;31m[Kerror: [m[Kinvalid use of â€˜[01m[Kthis[m[Kâ€™ in non-member function
[2.279s]   203 |       RCLCPP_INFO([01;31m[Kthis[m[K->get_logger(), "PnpSolver init");
[2.279s]       |                   [01;31m[K^~~~[m[K
[2.279s] [01m[K/rm_version/src/rm_detector/src/detector_node.cpp:203:19:[m[K [01;31m[Kerror: [m[Kinvalid use of â€˜[01m[Kthis[m[Kâ€™ in non-member function
[2.279s]   203 |       RCLCPP_INFO([01;31m[Kthis[m[K->get_logger(), "PnpSolver init");
[2.279s]       |                   [01;31m[K^~~~[m[K
[2.279s] [01m[K/rm_version/src/rm_detector/src/detector_node.cpp:[m[K At global scope:
[2.279s] [01m[K/rm_version/src/rm_detector/src/detector_node.cpp:207:9:[m[K [01;31m[Kerror: [m[Kâ€˜[01m[KArmorDetectorNode[m[Kâ€™ has not been declared
[2.280s]   207 |    void [01;31m[KArmorDetectorNode[m[K::initDebugPuilsher()
[2.280s]       |         [01;31m[K^~~~~~~~~~~~~~~~~[m[K
[2.280s] [01m[K/rm_version/src/rm_detector/src/detector_node.cpp:[m[K In function â€˜[01m[Kvoid initDebugPuilsher()[m[Kâ€™:
[2.280s] [01m[K/rm_version/src/rm_detector/src/detector_node.cpp:209:7:[m[K [01;31m[Kerror: [m[Kâ€˜[01m[Kdebug_img_pub_[m[Kâ€™ was not declared in this scope
[2.280s]   209 |       [01;31m[Kdebug_img_pub_[m[K = image_transport::create_publisher(this,"/debug_img");
[2.280s]       |       [01;31m[K^~~~~~~~~~~~~~[m[K
[2.280s] [01m[K/rm_version/src/rm_detector/src/detector_node.cpp:209:58:[m[K [01;31m[Kerror: [m[Kinvalid use of â€˜[01m[Kthis[m[Kâ€™ in non-member function
[2.280s]   209 |       debug_img_pub_ = image_transport::create_publisher([01;31m[Kthis[m[K,"/debug_img");
[2.280s]       |                                                          [01;31m[K^~~~[m[K
[2.283s] [01m[K/rm_version/src/rm_detector/src/detector_node.cpp:210:7:[m[K [01;31m[Kerror: [m[Kâ€˜[01m[Kbin_img_pub_[m[Kâ€™ was not declared in this scope
[2.284s]   210 |       [01;31m[Kbin_img_pub_[m[K = image_transport::create_publisher(this,"/bin_img");
[2.284s]       |       [01;31m[K^~~~~~~~~~~~[m[K
[2.284s] [01m[K/rm_version/src/rm_detector/src/detector_node.cpp:210:56:[m[K [01;31m[Kerror: [m[Kinvalid use of â€˜[01m[Kthis[m[Kâ€™ in non-member function
[2.284s]   210 |       bin_img_pub_ = image_transport::create_publisher([01;31m[Kthis[m[K,"/bin_img");
[2.284s]       |                                                        [01;31m[K^~~~[m[K
[2.295s] [01m[K/rm_version/src/rm_detector/src/detector_node.cpp:211:7:[m[K [01;31m[Kerror: [m[Kâ€˜[01m[Kresult_img_pub_[m[Kâ€™ was not declared in this scope
[2.295s]   211 |       [01;31m[Kresult_img_pub_[m[K = image_transport::create_publisher(this,"/result_img");
[2.295s]       |       [01;31m[K^~~~~~~~~~~~~~~[m[K
[2.295s] [01m[K/rm_version/src/rm_detector/src/detector_node.cpp:211:59:[m[K [01;31m[Kerror: [m[Kinvalid use of â€˜[01m[Kthis[m[Kâ€™ in non-member function
[2.295s]   211 |       result_img_pub_ = image_transport::create_publisher([01;31m[Kthis[m[K,"/result_img");
[2.295s]       |                                                           [01;31m[K^~~~[m[K
[2.295s] [01m[K/rm_version/src/rm_detector/src/detector_node.cpp:[m[K At global scope:
[2.295s] [01m[K/rm_version/src/rm_detector/src/detector_node.cpp:213:9:[m[K [01;31m[Kerror: [m[Kâ€˜[01m[KArmorDetectorNode[m[Kâ€™ has not been declared
[2.295s]   213 |    void [01;31m[KArmorDetectorNode[m[K::PuilshDebugImg()
[2.295s]       |         [01;31m[K^~~~~~~~~~~~~~~~~[m[K
[2.300s] [01m[K/rm_version/src/rm_detector/src/detector_node.cpp:[m[K In function â€˜[01m[Kvoid PuilshDebugImg()[m[Kâ€™:
[2.300s] [01m[K/rm_version/src/rm_detector/src/detector_node.cpp:215:7:[m[K [01;31m[Kerror: [m[Kâ€˜[01m[Kdebug_img_pub_[m[Kâ€™ was not declared in this scope
[2.300s]   215 |       [01;31m[Kdebug_img_pub_[m[K.publish(
[2.300s]       |       [01;31m[K^~~~~~~~~~~~~~[m[K
[2.304s] [01m[K/rm_version/src/rm_detector/src/detector_node.cpp:216:64:[m[K [01;31m[Kerror: [m[Kâ€˜[01m[Kimg_[m[Kâ€™ was not declared in this scope
[2.304s]   216 |           *cv_bridge::CvImage(std_msgs::msg::Header(), "rgb8", [01;31m[Kimg_[m[K).toImageMsg());
[2.304s]       |                                                                [01;31m[K^~~~[m[K
[2.309s] [01m[K/rm_version/src/rm_detector/src/detector_node.cpp:217:115:[m[K [01;31m[Kerror: [m[Kâ€˜[01m[Kbin_img_[m[Kâ€™ was not declared in this scope; did you mean â€˜[01m[Kbin_img_msg[m[Kâ€™?
[2.310s]   217 | sgs::msg::Image> bin_img_msg = cv_bridge::CvImage(std_msgs::msg::Header(), "mono8", [01;31m[Kbin_img_[m[K).toImageMsg();
[2.310s]       |                                                                                     [01;31m[K^~~~~~~~[m[K
[2.310s]       |                                                                                     [32m[Kbin_img_msg[m[K
[2.314s] [01m[K/rm_version/src/rm_detector/src/detector_node.cpp:218:7:[m[K [01;31m[Kerror: [m[Kâ€˜[01m[Kbin_img_pub_[m[Kâ€™ was not declared in this scope; did you mean â€˜[01m[Kbin_img_msg[m[Kâ€™?
[2.314s]   218 |       [01;31m[Kbin_img_pub_[m[K.publish(*bin_img_msg);
[2.314s]       |       [01;31m[K^~~~~~~~~~~~[m[K
[2.314s]       |       [32m[Kbin_img_msg[m[K
[2.317s] [01m[K/rm_version/src/rm_detector/src/detector_node.cpp:219:117:[m[K [01;31m[Kerror: [m[Kâ€˜[01m[Kresult_img_[m[Kâ€™ was not declared in this scope; did you mean â€˜[01m[Kresult_img_msg[m[Kâ€™?
[2.318s]   219 | s::msg::Image> result_img_msg = cv_bridge::CvImage(std_msgs::msg::Header(), "rgb8", [01;31m[Kresult_img_[m[K).toImageMsg();
[2.318s]       |                                                                                     [01;31m[K^~~~~~~~~~~[m[K
[2.318s]       |                                                                                     [32m[Kresult_img_msg[m[K
[2.321s] [01m[K/rm_version/src/rm_detector/src/detector_node.cpp:220:7:[m[K [01;31m[Kerror: [m[Kâ€˜[01m[Kresult_img_pub_[m[Kâ€™ was not declared in this scope; did you mean â€˜[01m[Kresult_img_msg[m[Kâ€™?
[2.321s]   220 |       [01;31m[Kresult_img_pub_[m[K.publish(*result_img_msg);
[2.321s]       |       [01;31m[K^~~~~~~~~~~~~~~[m[K
[2.321s]       |       [32m[Kresult_img_msg[m[K
[2.321s] [01m[K/rm_version/src/rm_detector/src/detector_node.cpp:[m[K At global scope:
[2.321s] [01m[K/rm_version/src/rm_detector/src/detector_node.cpp:223:12:[m[K [01;31m[Kerror: [m[Kâ€˜[01m[KArmorDetectorNode[m[Kâ€™ has not been declared
[2.322s]   223 |    cv::Mat [01;31m[KArmorDetectorNode[m[K::drawLights()
[2.322s]       |            [01;31m[K^~~~~~~~~~~~~~~~~[m[K
[2.326s] [01m[K/rm_version/src/rm_detector/src/detector_node.cpp:[m[K In function â€˜[01m[Kcv::Mat drawLights()[m[Kâ€™:
[2.326s] [01m[K/rm_version/src/rm_detector/src/detector_node.cpp:225:7:[m[K [01;31m[Kerror: [m[Kâ€˜[01m[Kresult_img_[m[Kâ€™ was not declared in this scope
[2.326s]   225 |       [01;31m[Kresult_img_[m[K = img_;
[2.326s]       |       [01;31m[K^~~~~~~~~~~[m[K
[2.329s] [01m[K/rm_version/src/rm_detector/src/detector_node.cpp:225:21:[m[K [01;31m[Kerror: [m[Kâ€˜[01m[Kimg_[m[Kâ€™ was not declared in this scope
[2.329s]   225 |       result_img_ = [01;31m[Kimg_[m[K;
[2.329s]       |                     [01;31m[K^~~~[m[K
[2.332s] [01m[K/rm_version/src/rm_detector/src/detector_node.cpp:235:20:[m[K [01;31m[Kerror: [m[Kâ€˜[01m[Karmors_[m[Kâ€™ was not declared in this scope; did you mean â€˜[01m[Karmor[m[Kâ€™?
[2.332s]   235 |    for(auto &armor:[01;31m[Karmors_[m[K){
[2.332s]       |                    [01;31m[K^~~~~~~[m[K
[2.332s]       |                    [32m[Karmor[m[K
[2.332s] [01m[K/rm_version/src/rm_detector/src/detector_node.cpp:[m[K At global scope:
[2.332s] [01m[K/rm_version/src/rm_detector/src/detector_node.cpp:244:1:[m[K [01;31m[Kerror: [m[Kexpected declaration before â€˜[01m[K}[m[Kâ€™ token
[2.332s]   244 | [01;31m[K}[m[K
[2.333s]       | [01;31m[K^[m[K
[4.284s] cc1plus: all warnings being treated as errors
[4.305s] gmake[2]: *** [CMakeFiles/rm_detector.dir/build.make:104: CMakeFiles/rm_detector.dir/src/detector_node.cpp.o] Error 1
[4.306s] gmake[1]: *** [CMakeFiles/Makefile2:139: CMakeFiles/rm_detector.dir/all] Error 2
[4.306s] gmake: *** [Makefile:146: all] Error 2
[4.308s] Invoked command in '/rm_version/build/rm_detector' returned '2': CMAKE_PREFIX_PATH=/rm_version/install/rm_msg_interfaces:/rm_version/install/ros2_video:/rm_version/install/rm_detector:/ros_ws/install/ros2_video:/ros_ws/install/rm_vision_bringup:/ros_ws/install/rm_serial_driver:/ros_ws/install/rm_gimbal_description:/ros_ws/install/rm_auto_aim:/ros_ws/install/mindvision_camera:/ros_ws/install/hik_camera:/ros_ws/install/armor_tracker:/ros_ws/install/armor_detector:/ros_ws/install/auto_aim_interfaces:/opt/ros/humble LD_LIBRARY_PATH=/rm_version/install/rm_msg_interfaces/lib:/rm_version/install/ros2_video/lib:/rm_version/install/rm_detector/lib:/ros_ws/install/ros2_video/lib:/ros_ws/install/rm_serial_driver/lib:/ros_ws/install/mindvision_camera/lib:/ros_ws/install/hik_camera/lib:/ros_ws/install/armor_tracker/lib:/ros_ws/install/armor_detector/lib:/ros_ws/install/auto_aim_interfaces/lib:/opt/ros/humble/lib/x86_64-linux-gnu:/opt/ros/humble/lib /usr/bin/cmake --build /rm_version/build/rm_detector -- -j20 -l20
