[35m[1mConsolidate compiler generated dependencies of target rm_tracker[0m
[ 33%] Built target rm_tracker_node
[ 50%] [32mBuilding CXX object CMakeFiles/rm_tracker.dir/src/tracker.cpp.o[0m
[ 66%] [32mBuilding CXX object CMakeFiles/rm_tracker.dir/src/tracker_node.cpp.o[0m
In file included from [01m[K/rm_version/src/rm_tracker/src/tracker.cpp:1[m[K:
[01m[K/rm_version/src/rm_tracker/include/tracker.hpp:1:[m[K [01;31m[Kerror: [m[Kunterminated #ifndef
    1 | #ifndef ARMOR_PROCESSOR__TRACKER_HPP_
      | 
In file included from [01m[K/rm_version/src/rm_tracker/src/tracker_node.cpp:1[m[K:
[01m[K/rm_version/src/rm_tracker/include/tracker_node.hpp:1:[m[K [01;31m[Kerror: [m[Kunterminated #ifndef
    1 | #ifndef ARMOR_PROCESSOR__PROCESSOR_NODE_HPP_
      | 
gmake[2]: *** [CMakeFiles/rm_tracker.dir/build.make:90: CMakeFiles/rm_tracker.dir/src/tracker.cpp.o] Error 1
gmake[2]: *** Waiting for unfinished jobs....
gmake[2]: *** [CMakeFiles/rm_tracker.dir/build.make:104: CMakeFiles/rm_tracker.dir/src/tracker_node.cpp.o] Error 1
gmake[1]: *** [CMakeFiles/Makefile2:139: CMakeFiles/rm_tracker.dir/all] Error 2
gmake: *** [Makefile:146: all] Error 2
