[0.019s] Invoking command in '/rm_version/build/rm_tracker': CMAKE_PREFIX_PATH=${CMAKE_PREFIX_PATH}:/opt/ros/humble /usr/bin/cmake --build /rm_version/build/rm_tracker -- -j20 -l20
[0.042s] [35m[1mConsolidate compiler generated dependencies of target rm_tracker[0m
[0.053s] [ 33%] Built target rm_tracker_node
[0.064s] [ 50%] [32mBuilding CXX object CMakeFiles/rm_tracker.dir/src/tracker.cpp.o[0m
[0.065s] [ 66%] [32mBuilding CXX object CMakeFiles/rm_tracker.dir/src/tracker_node.cpp.o[0m
[0.212s] In file included from [01m[K/rm_version/src/rm_tracker/src/tracker.cpp:1[m[K:
[0.212s] [01m[K/rm_version/src/rm_tracker/include/tracker.hpp:1:[m[K [01;31m[Kerror: [m[Kunterminated #ifndef
[0.212s]     1 | #ifndef ARMOR_PROCESSOR__TRACKER_HPP_
[0.212s]       | 
[0.231s] In file included from [01m[K/rm_version/src/rm_tracker/src/tracker_node.cpp:1[m[K:
[0.232s] [01m[K/rm_version/src/rm_tracker/include/tracker_node.hpp:1:[m[K [01;31m[Kerror: [m[Kunterminated #ifndef
[0.232s]     1 | #ifndef ARMOR_PROCESSOR__PROCESSOR_NODE_HPP_
[0.232s]       | 
[0.823s] gmake[2]: *** [CMakeFiles/rm_tracker.dir/build.make:90: CMakeFiles/rm_tracker.dir/src/tracker.cpp.o] Error 1
[0.823s] gmake[2]: *** Waiting for unfinished jobs....
[1.734s] gmake[2]: *** [CMakeFiles/rm_tracker.dir/build.make:104: CMakeFiles/rm_tracker.dir/src/tracker_node.cpp.o] Error 1
[1.734s] gmake[1]: *** [CMakeFiles/Makefile2:139: CMakeFiles/rm_tracker.dir/all] Error 2
[1.734s] gmake: *** [Makefile:146: all] Error 2
[1.736s] Invoked command in '/rm_version/build/rm_tracker' returned '2': CMAKE_PREFIX_PATH=${CMAKE_PREFIX_PATH}:/opt/ros/humble /usr/bin/cmake --build /rm_version/build/rm_tracker -- -j20 -l20
