[35m[1mConsolidate compiler generated dependencies of target rm_tracker_node[0m
[35m[1mConsolidate compiler generated dependencies of target rm_tracker[0m
[ 33%] Built target rm_tracker_node
[ 50%] [32mBuilding CXX object CMakeFiles/rm_tracker.dir/src/tracker_node.cpp.o[0m
[01m[K/rm_version/src/rm_tracker/src/tracker_node.cpp:[m[K In member function â€˜[01m[Kstd::shared_ptr<rm_auto_aim::Tracker> rm_auto_aim::TrackerNode::initTracker()[m[Kâ€™:
[01m[K/rm_version/src/rm_tracker/src/tracker_node.cpp:37:5:[m[K [01;31m[Kerror: [m[Kno return statement in function returning non-void [[01;31m[K]8;;https://gcc.gnu.org/onlinedocs/gcc/Warning-Options.html#index-Wreturn-type-Werror=return-type]8;;[m[K]
   37 |     [01;31m[K}[m[K
      |     [01;31m[K^[m[K
cc1plus: all warnings being treated as errors
gmake[2]: *** [CMakeFiles/rm_tracker.dir/build.make:104: CMakeFiles/rm_tracker.dir/src/tracker_node.cpp.o] Error 1
gmake[1]: *** [CMakeFiles/Makefile2:139: CMakeFiles/rm_tracker.dir/all] Error 2
gmake: *** [Makefile:146: all] Error 2
