[01m[K/rm_version/src/ros2_static_tf_node/src/ros2_static_tf_node.cpp:[m[K In constructor â€˜[01m[Kros2_static_tf_node::TfNode::TfNode(const rclcpp::NodeOptions&)[m[Kâ€™:
[01m[K/rm_version/src/ros2_static_tf_node/src/ros2_static_tf_node.cpp:19:7:[m[K [01;31m[Kerror: [m[Kexpected unqualified-id before â€˜[01m[K}[m[Kâ€™ token
   19 |       [01;31m[K}[m[K
      |       [01;31m[K^[m[K
gmake[2]: *** [CMakeFiles/ros2_static_tf_node.dir/build.make:76: CMakeFiles/ros2_static_tf_node.dir/src/ros2_static_tf_node.cpp.o] Error 1
gmake[1]: *** [CMakeFiles/Makefile2:139: CMakeFiles/ros2_static_tf_node.dir/all] Error 2
gmake: *** [Makefile:146: all] Error 2
