[0.026s] Invoking command in '/rm_version/build/ros2_static_tf_node': CMAKE_PREFIX_PATH=${CMAKE_PREFIX_PATH}:/opt/ros/humble /usr/bin/cmake --build /rm_version/build/ros2_static_tf_node -- -j20 -l20
[0.054s] [35m[1mConsolidate compiler generated dependencies of target ros2_static_tf_node_node[0m
[0.061s] [ 25%] [32mBuilding CXX object CMakeFiles/ros2_static_tf_node.dir/src/ros2_static_tf_node.cpp.o[0m
[0.069s] [ 75%] Built target ros2_static_tf_node_node
[1.675s] [01m[K/rm_version/src/ros2_static_tf_node/src/ros2_static_tf_node.cpp:[m[K In constructor â€˜[01m[Kros2_static_tf_node::TfNode::TfNode(const rclcpp::NodeOptions&)[m[Kâ€™:
[1.675s] [01m[K/rm_version/src/ros2_static_tf_node/src/ros2_static_tf_node.cpp:19:7:[m[K [01;31m[Kerror: [m[Kexpected unqualified-id before â€˜[01m[K}[m[Kâ€™ token
[1.675s]    19 |       [01;31m[K}[m[K
[1.675s]       |       [01;31m[K^[m[K
[2.150s] gmake[2]: *** [CMakeFiles/ros2_static_tf_node.dir/build.make:76: CMakeFiles/ros2_static_tf_node.dir/src/ros2_static_tf_node.cpp.o] Error 1
[2.150s] gmake[1]: *** [CMakeFiles/Makefile2:139: CMakeFiles/ros2_static_tf_node.dir/all] Error 2
[2.150s] gmake: *** [Makefile:146: all] Error 2
[2.151s] Invoked command in '/rm_version/build/ros2_static_tf_node' returned '2': CMAKE_PREFIX_PATH=${CMAKE_PREFIX_PATH}:/opt/ros/humble /usr/bin/cmake --build /rm_version/build/ros2_static_tf_node -- -j20 -l20
