[0.010s] Invoking command in '/rm_version/build/rm_tracker': AMENT_PREFIX_PATH=/rm_version/install/rm_msg_interfaces:${AMENT_PREFIX_PATH} CMAKE_PREFIX_PATH=/rm_version/install/rm_msg_interfaces:/ros_ws/install/ros2_video:/ros_ws/install/rm_vision_bringup:/ros_ws/install/rm_serial_driver:/ros_ws/install/rm_gimbal_description:/ros_ws/install/rm_auto_aim:/ros_ws/install/mindvision_camera:/ros_ws/install/hik_camera:/ros_ws/install/armor_tracker:/ros_ws/install/armor_detector:/ros_ws/install/auto_aim_interfaces:/opt/ros/humble LD_LIBRARY_PATH=/rm_version/install/rm_msg_interfaces/lib:${LD_LIBRARY_PATH} PYTHONPATH=/rm_version/install/rm_msg_interfaces/local/lib/python3.10/dist-packages:${PYTHONPATH} /usr/bin/cmake --build /rm_version/build/rm_tracker -- -j20 -l20
[0.025s] -- Found rm_msg_interfaces: 0.0.0 (/rm_version/install/rm_msg_interfaces/share/rm_msg_interfaces/cmake)
[0.137s] -- Found rosidl_generator_c: 3.1.4 (/opt/ros/humble/share/rosidl_generator_c/cmake)
[0.141s] -- Found rosidl_adapter: 3.1.4 (/opt/ros/humble/share/rosidl_adapter/cmake)
[0.150s] -- Found rosidl_generator_cpp: 3.1.4 (/opt/ros/humble/share/rosidl_generator_cpp/cmake)
[0.162s] -- Using all available rosidl_typesupport_c: rosidl_typesupport_fastrtps_c;rosidl_typesupport_introspection_c
[0.176s] -- Using all available rosidl_typesupport_cpp: rosidl_typesupport_fastrtps_cpp;rosidl_typesupport_introspection_cpp
[0.284s] -- Found ament_cmake_auto: 1.3.4 (/opt/ros/humble/share/ament_cmake_auto/cmake)
[0.379s] -- Found rmw_implementation_cmake: 6.1.1 (/opt/ros/humble/share/rmw_implementation_cmake/cmake)
[0.382s] -- Found rmw_fastrtps_cpp: 6.2.2 (/opt/ros/humble/share/rmw_fastrtps_cpp/cmake)
[0.473s] -- Using RMW implementation 'rmw_fastrtps_cpp' as default
[0.754s] -- Found eigen3_cmake_module: 0.1.1 (/opt/ros/humble/share/eigen3_cmake_module/cmake)
[0.755s] -- Ensuring Eigen3 include directory is part of orocos-kdl CMake target
[0.925s] -- Found ament_lint_auto: 0.12.6 (/opt/ros/humble/share/ament_lint_auto/cmake)
[0.945s] -- Added test 'cppcheck' to perform static code analysis on C / C++ code
[0.945s] -- Configured cppcheck include dirs: /rm_version/src/rm_tracker/include
[0.945s] -- Configured cppcheck exclude dirs and/or files: 
[0.946s] -- Added test 'lint_cmake' to check CMake code style
[0.947s] -- Added test 'xmllint' to check XML markup files
[0.947s] -- Added test 'clang_format' to check C / C++ code style
[0.951s] -- Configuring done
[0.968s] -- Generating done
[0.969s] -- Build files have been written to: /rm_version/build/rm_tracker
[0.982s] [35m[1mConsolidate compiler generated dependencies of target rm_tracker_node[0m
[0.983s] [35m[1mConsolidate compiler generated dependencies of target rm_tracker[0m
[0.992s] [ 16%] [32mBuilding CXX object CMakeFiles/rm_tracker_node.dir/rclcpp_components/node_main_rm_tracker_node.cpp.o[0m
[0.997s] [ 33%] [32mBuilding CXX object CMakeFiles/rm_tracker.dir/src/tracker.cpp.o[0m
[1.000s] [ 50%] [32mBuilding CXX object CMakeFiles/rm_tracker.dir/src/tracker_node.cpp.o[0m
[2.668s] [ 66%] [32m[1mLinking CXX executable rm_tracker_node[0m
[2.770s] [ 66%] Built target rm_tracker_node
[4.236s] In file included from [01m[K/usr/include/x86_64-linux-gnu/c++/11/bits/c++allocator.h:33[m[K,
[4.236s]                  from [01m[K/usr/include/c++/11/bits/allocator.h:46[m[K,
[4.236s]                  from [01m[K/usr/include/c++/11/string:41[m[K,
[4.236s]                  from [01m[K/usr/include/c++/11/stdexcept:39[m[K,
[4.236s]                  from [01m[K/opt/ros/humble/include/message_filters/message_filters/subscriber.h:38[m[K,
[4.236s]                  from [01m[K/rm_version/src/rm_tracker/include/tracker_node.hpp:3[m[K,
[4.236s]                  from [01m[K/rm_version/src/rm_tracker/src/tracker_node.cpp:1[m[K:
[4.236s] /usr/include/c++/11/ext/new_allocator.h: In instantiation of â€˜[01m[Kvoid __gnu_cxx::new_allocator<_Tp>::construct(_Up*, _Args&& ...) [with _Up = rm_auto_aim::ArmorTrackerNode; _Args = {const rclcpp::NodeOptions&}; _Tp = rm_auto_aim::ArmorTrackerNode][m[Kâ€™:
[4.236s] [01m[K/usr/include/c++/11/bits/alloc_traits.h:516:17:[m[K   required from â€˜[01m[Kstatic void std::allocator_traits<std::allocator<_CharT> >::construct(std::allocator_traits<std::allocator<_CharT> >::allocator_type&, _Up*, _Args&& ...) [with _Up = rm_auto_aim::ArmorTrackerNode; _Args = {const rclcpp::NodeOptions&}; _Tp = rm_auto_aim::ArmorTrackerNode; std::allocator_traits<std::allocator<_CharT> >::allocator_type = std::allocator<rm_auto_aim::ArmorTrackerNode>][m[Kâ€™
[4.236s] [01m[K/usr/include/c++/11/bits/shared_ptr_base.h:519:39:[m[K   required from â€˜[01m[Kstd::_Sp_counted_ptr_inplace<_Tp, _Alloc, _Lp>::_Sp_counted_ptr_inplace(_Alloc, _Args&& ...) [with _Args = {const rclcpp::NodeOptions&}; _Tp = rm_auto_aim::ArmorTrackerNode; _Alloc = std::allocator<rm_auto_aim::ArmorTrackerNode>; __gnu_cxx::_Lock_policy _Lp = __gnu_cxx::_S_atomic][m[Kâ€™
[4.236s] [01m[K/usr/include/c++/11/bits/shared_ptr_base.h:650:16:[m[K   required from â€˜[01m[Kstd::__shared_count<_Lp>::__shared_count(_Tp*&, std::_Sp_alloc_shared_tag<_Alloc>, _Args&& ...) [with _Tp = rm_auto_aim::ArmorTrackerNode; _Alloc = std::allocator<rm_auto_aim::ArmorTrackerNode>; _Args = {const rclcpp::NodeOptions&}; __gnu_cxx::_Lock_policy _Lp = __gnu_cxx::_S_atomic][m[Kâ€™
[4.236s] [01m[K/usr/include/c++/11/bits/shared_ptr_base.h:1342:14:[m[K   required from â€˜[01m[Kstd::__shared_ptr<_Tp, _Lp>::__shared_ptr(std::_Sp_alloc_shared_tag<_Tp>, _Args&& ...) [with _Alloc = std::allocator<rm_auto_aim::ArmorTrackerNode>; _Args = {const rclcpp::NodeOptions&}; _Tp = rm_auto_aim::ArmorTrackerNode; __gnu_cxx::_Lock_policy _Lp = __gnu_cxx::_S_atomic][m[Kâ€™
[4.236s] [01m[K/usr/include/c++/11/bits/shared_ptr.h:409:59:[m[K   required from â€˜[01m[Kstd::shared_ptr<_Tp>::shared_ptr(std::_Sp_alloc_shared_tag<_Tp>, _Args&& ...) [with _Alloc = std::allocator<rm_auto_aim::ArmorTrackerNode>; _Args = {const rclcpp::NodeOptions&}; _Tp = rm_auto_aim::ArmorTrackerNode][m[Kâ€™
[4.236s] [01m[K/usr/include/c++/11/bits/shared_ptr.h:862:14:[m[K   required from â€˜[01m[Kstd::shared_ptr<_Tp> std::allocate_shared(const _Alloc&, _Args&& ...) [with _Tp = rm_auto_aim::ArmorTrackerNode; _Alloc = std::allocator<rm_auto_aim::ArmorTrackerNode>; _Args = {const rclcpp::NodeOptions&}][m[Kâ€™
[4.236s] [01m[K/usr/include/c++/11/bits/shared_ptr.h:878:39:[m[K   required from â€˜[01m[Kstd::shared_ptr<_Tp> std::make_shared(_Args&& ...) [with _Tp = rm_auto_aim::ArmorTrackerNode; _Args = {const rclcpp::NodeOptions&}][m[Kâ€™
[4.236s] [01m[K/opt/ros/humble/include/rclcpp_components/rclcpp_components/node_factory_template.hpp:45:40:[m[K   required from â€˜[01m[Krclcpp_components::NodeInstanceWrapper rclcpp_components::NodeFactoryTemplate<NodeT>::create_node_instance(const rclcpp::NodeOptions&) [with NodeT = rm_auto_aim::ArmorTrackerNode][m[Kâ€™
[4.236s] [01m[K/opt/ros/humble/include/rclcpp_components/rclcpp_components/node_factory_template.hpp:43:3:[m[K   required from here
[4.236s] [01m[K/usr/include/c++/11/ext/new_allocator.h:162:11:[m[K [01;31m[Kerror: [m[Kno matching function for call to â€˜[01m[Krm_auto_aim::ArmorTrackerNode::ArmorTrackerNode(const rclcpp::NodeOptions&)[m[Kâ€™
[4.236s]   162 |         { [01;31m[K::new((void *)__p) _Up(std::forward<_Args>(__args)...)[m[K; }
[4.236s]       |           [01;31m[K^~~~~~~~~~~~~~~~~~~~~~~~~~~~~~~~~~~~~~~~~~~~~~~~~~~~~~[m[K
[4.236s] [01m[K/rm_version/src/rm_tracker/src/tracker_node.cpp:16:5:[m[K [01;36m[Knote: [m[Kcandidate: â€˜[01m[Krm_auto_aim::ArmorTrackerNode::ArmorTrackerNode()[m[Kâ€™
[4.236s]    16 |     [01;36m[KArmorTrackerNode[m[K::ArmorTrackerNode() : Node("tracker_node")
[4.236s]       |     [01;36m[K^~~~~~~~~~~~~~~~[m[K
[4.236s] [01m[K/rm_version/src/rm_tracker/src/tracker_node.cpp:16:5:[m[K [01;36m[Knote: [m[K  candidate expects 0 arguments, 1 provided
[4.454s] gmake[2]: *** [CMakeFiles/rm_tracker.dir/build.make:104: CMakeFiles/rm_tracker.dir/src/tracker_node.cpp.o] Error 1
[4.454s] gmake[1]: *** [CMakeFiles/Makefile2:139: CMakeFiles/rm_tracker.dir/all] Error 2
[4.454s] gmake: *** [Makefile:146: all] Error 2
[4.455s] Invoked command in '/rm_version/build/rm_tracker' returned '2': AMENT_PREFIX_PATH=/rm_version/install/rm_msg_interfaces:${AMENT_PREFIX_PATH} CMAKE_PREFIX_PATH=/rm_version/install/rm_msg_interfaces:/ros_ws/install/ros2_video:/ros_ws/install/rm_vision_bringup:/ros_ws/install/rm_serial_driver:/ros_ws/install/rm_gimbal_description:/ros_ws/install/rm_auto_aim:/ros_ws/install/mindvision_camera:/ros_ws/install/hik_camera:/ros_ws/install/armor_tracker:/ros_ws/install/armor_detector:/ros_ws/install/auto_aim_interfaces:/opt/ros/humble LD_LIBRARY_PATH=/rm_version/install/rm_msg_interfaces/lib:${LD_LIBRARY_PATH} PYTHONPATH=/rm_version/install/rm_msg_interfaces/local/lib/python3.10/dist-packages:${PYTHONPATH} /usr/bin/cmake --build /rm_version/build/rm_tracker -- -j20 -l20
