[01m[K/rm_version/src/ros2_static_tf_node/src/ros2_static_tf_node.cpp:10:10:[m[K [01;31m[Kfatal error: [m[Kros2_static_tf_node.hpp: No such file or directory
   10 | #include [01;31m[K<ros2_static_tf_node.hpp>[m[K
      |          [01;31m[K^~~~~~~~~~~~~~~~~~~~~~~~~[m[K
compilation terminated.
gmake[2]: *** [CMakeFiles/ros2_static_tf_node.dir/build.make:76: CMakeFiles/ros2_static_tf_node.dir/src/ros2_static_tf_node.cpp.o] Error 1
gmake[1]: *** [CMakeFiles/Makefile2:139: CMakeFiles/ros2_static_tf_node.dir/all] Error 2
gmake[1]: *** Waiting for unfinished jobs....
gmake: *** [Makefile:146: all] Error 2
