[0.023s] Invoking command in '/rm_version/build/ros2_static_tf_node': CMAKE_PREFIX_PATH=${CMAKE_PREFIX_PATH}:/opt/ros/humble /usr/bin/cmake /rm_version/src/ros2_static_tf_node -DCMAKE_INSTALL_PREFIX=/rm_version/install/ros2_static_tf_node
[0.053s] -- The C compiler identification is GNU 11.3.0
[0.088s] -- The CXX compiler identification is GNU 11.3.0
[0.093s] -- Detecting C compiler ABI info
[0.129s] -- Detecting C compiler ABI info - done
[0.133s] -- Check for working C compiler: /usr/bin/cc - skipped
[0.134s] -- Detecting C compile features
[0.134s] -- Detecting C compile features - done
[0.135s] -- Detecting CXX compiler ABI info
[0.178s] -- Detecting CXX compiler ABI info - done
[0.182s] -- Check for working CXX compiler: /usr/bin/c++ - skipped
[0.182s] -- Detecting CXX compile features
[0.183s] -- Detecting CXX compile features - done
[0.184s] -- Found rclcpp: 16.0.4 (/opt/ros/humble/share/rclcpp/cmake)
[0.262s] -- Found Python3: /usr/bin/python3.10 (found version "3.10.6") found components: Interpreter 
[0.335s] -- Found rosidl_generator_c: 3.1.4 (/opt/ros/humble/share/rosidl_generator_c/cmake)
[0.338s] -- Found rosidl_adapter: 3.1.4 (/opt/ros/humble/share/rosidl_adapter/cmake)
[0.342s] -- Found rosidl_generator_cpp: 3.1.4 (/opt/ros/humble/share/rosidl_generator_cpp/cmake)
[0.350s] -- Using all available rosidl_typesupport_c: rosidl_typesupport_fastrtps_c;rosidl_typesupport_introspection_c
[0.361s] -- Using all available rosidl_typesupport_cpp: rosidl_typesupport_fastrtps_cpp;rosidl_typesupport_introspection_cpp
[0.406s] -- Found rmw_implementation_cmake: 6.1.1 (/opt/ros/humble/share/rmw_implementation_cmake/cmake)
[0.408s] -- Found rmw_fastrtps_cpp: 6.2.2 (/opt/ros/humble/share/rmw_fastrtps_cpp/cmake)
[0.457s] -- Found OpenSSL: /usr/lib/x86_64-linux-gnu/libcrypto.so (found version "3.0.2")  
[0.472s] -- Found FastRTPS: /opt/ros/humble/include  
[0.496s] -- Using RMW implementation 'rmw_fastrtps_cpp' as default
[0.504s] -- Looking for pthread.h
[0.546s] -- Looking for pthread.h - found
[0.546s] -- Performing Test CMAKE_HAVE_LIBC_PTHREAD
[0.585s] -- Performing Test CMAKE_HAVE_LIBC_PTHREAD - Success
[0.585s] -- Found Threads: TRUE  
[0.679s] -- Found OpenCV: /usr (found version "4.5.4") 
[0.680s] -- Found ament_cmake_auto: 1.3.4 (/opt/ros/humble/share/ament_cmake_auto/cmake)
[0.968s] -- Found eigen3_cmake_module: 0.1.1 (/opt/ros/humble/share/eigen3_cmake_module/cmake)
[0.968s] -- Found Eigen3: TRUE (found version "3.4.0") 
[0.968s] -- Ensuring Eigen3 include directory is part of orocos-kdl CMake target
[1.135s] -- Found ament_lint_auto: 0.12.6 (/opt/ros/humble/share/ament_lint_auto/cmake)
[1.144s] -- Added test 'cppcheck' to perform static code analysis on C / C++ code
[1.144s] -- Configured cppcheck include dirs: /rm_version/src/ros2_static_tf_node/include
[1.144s] -- Configured cppcheck exclude dirs and/or files: 
[1.144s] -- Added test 'lint_cmake' to check CMake code style
[1.145s] -- Added test 'uncrustify' to check C / C++ code style
[1.145s] -- Configured uncrustify additional arguments: 
[1.145s] -- Added test 'xmllint' to check XML markup files
[1.146s] -- Configuring done
[1.156s] -- Generating done
[1.157s] -- Build files have been written to: /rm_version/build/ros2_static_tf_node
[1.162s] Invoked command in '/rm_version/build/ros2_static_tf_node' returned '0': CMAKE_PREFIX_PATH=${CMAKE_PREFIX_PATH}:/opt/ros/humble /usr/bin/cmake /rm_version/src/ros2_static_tf_node -DCMAKE_INSTALL_PREFIX=/rm_version/install/ros2_static_tf_node
[1.163s] Invoking command in '/rm_version/build/ros2_static_tf_node': CMAKE_PREFIX_PATH=${CMAKE_PREFIX_PATH}:/opt/ros/humble /usr/bin/cmake --build /rm_version/build/ros2_static_tf_node -- -j20 -l20
[1.186s] [ 25%] [32mBuilding CXX object CMakeFiles/ros2_static_tf_node_node.dir/rclcpp_components/node_main_ros2_static_tf_node_node.cpp.o[0m
[1.186s] [ 50%] [32mBuilding CXX object CMakeFiles/ros2_static_tf_node.dir/src/ros2_static_tf_node.cpp.o[0m
[1.365s] [01m[K/rm_version/src/ros2_static_tf_node/src/ros2_static_tf_node.cpp:10:10:[m[K [01;31m[Kfatal error: [m[Kros2_static_tf_node.hpp: No such file or directory
[1.365s]    10 | #include [01;31m[K<ros2_static_tf_node.hpp>[m[K
[1.365s]       |          [01;31m[K^~~~~~~~~~~~~~~~~~~~~~~~~[m[K
[1.365s] compilation terminated.
[1.366s] gmake[2]: *** [CMakeFiles/ros2_static_tf_node.dir/build.make:76: CMakeFiles/ros2_static_tf_node.dir/src/ros2_static_tf_node.cpp.o] Error 1
[1.366s] gmake[1]: *** [CMakeFiles/Makefile2:139: CMakeFiles/ros2_static_tf_node.dir/all] Error 2
[1.366s] gmake[1]: *** Waiting for unfinished jobs....
[2.835s] [ 75%] [32m[1mLinking CXX executable ros2_static_tf_node_node[0m
[2.895s] [ 75%] Built target ros2_static_tf_node_node
[2.895s] gmake: *** [Makefile:146: all] Error 2
[2.897s] Invoked command in '/rm_version/build/ros2_static_tf_node' returned '2': CMAKE_PREFIX_PATH=${CMAKE_PREFIX_PATH}:/opt/ros/humble /usr/bin/cmake --build /rm_version/build/ros2_static_tf_node -- -j20 -l20
